<?xml version='1.0' encoding='UTF-8'?>
<testsuite hostname="Unicron" name="recfun.BalanceSuite" tests="4" errors="0" failures="0" skipped="0" time="0.012">
                     <properties>
[...]
</properties>
                     <testcase classname="recfun.BalanceSuite" name="balance: '(if (zero? x) max (/ 1 x))' is balanced" time="0.011">
                                                 
                                               </testcase><testcase classname="recfun.BalanceSuite" name="' is balanced" time="0.0">
                                                 
                                               </testcase><testcase classname="recfun.BalanceSuite" name="balance: ':-)' is unbalanced" time="0.001">
                                                 
                                               </testcase><testcase classname="recfun.BalanceSuite" name="balance: counting is not enough" time="0.0">
                                                 
                                               </testcase>
                     <system-out></system-out>
                     <system-err></system-err>
                   </testsuite>